# JRE version: Java(TM) SE Runtime Environment (8.0_111-b14) (build 1.8.0_111-b14)
# Java VM: Java HotSpot(TM) 64-Bit Server VM (25.111-b14 mixed mode windows-amd64 compressed oops)
Heap:
 PSYoungGen      total 458752K, used 253977K [0x00000000d6400000, 0x00000000f6700000, 0x0000000100000000)
  eden space 420352K, 53% used [0x00000000d6400000,0x00000000e3f65fd0,0x00000000efe80000)
  from space 38400K, 76% used [0x00000000efe80000,0x00000000f1b207e0,0x00000000f2400000)
  to   space 39936K, 0% used [0x00000000f4000000,0x00000000f4000000,0x00000000f6700000)
 ParOldGen       total 151040K, used 116028K [0x0000000082c00000, 0x000000008bf80000, 0x00000000d6400000)
  object space 151040K, 76% used [0x0000000082c00000,0x0000000089d4f1a8,0x000000008bf80000)
 Metaspace       used 86497K, capacity 92296K, committed 92544K, reserved 1130496K
  class space    used 11230K, capacity 12328K, committed 12416K, reserved 1048576K
GC Heap History (10 events):
Event: 1107.577 GC heap before
{Heap before GC invocations=31 (full 7):
 PSYoungGen      total 410112K, used 392192K [0x00000000d6400000, 0x00000000f2900000, 0x0000000100000000)
  eden space 392192K, 100% used [0x00000000d6400000,0x00000000ee300000,0x00000000ee300000)
  from space 17920K, 0% used [0x00000000ee300000,0x00000000ee300000,0x00000000ef480000)
  to   space 35840K, 0% used [0x00000000f0600000,0x00000000f0600000,0x00000000f2900000)
 ParOldGen       total 151040K, used 98327K [0x0000000082c00000, 0x000000008bf80000, 0x00000000d6400000)
  object space 151040K, 65% used [0x0000000082c00000,0x0000000088c05ee0,0x000000008bf80000)
 Metaspace       used 81189K, capacity 85574K, committed 85888K, reserved 1124352K
  class space    used 10497K, capacity 11292K, committed 11392K, reserved 1048576K
Event: 1107.599 GC heap after
Heap after GC invocations=31 (full 7):
 PSYoungGen      total 425984K, used 29890K [0x00000000d6400000, 0x00000000f4a80000, 0x0000000100000000)
  eden space 390144K, 0% used [0x00000000d6400000,0x00000000d6400000,0x00000000ee100000)
  from space 35840K, 83% used [0x00000000f0600000,0x00000000f2330a28,0x00000000f2900000)
  to   space 37888K, 0% used [0x00000000ee100000,0x00000000ee100000,0x00000000f0600000)
 ParOldGen       total 151040K, used 98335K [0x0000000082c00000, 0x000000008bf80000, 0x00000000d6400000)
  object space 151040K, 65% used [0x0000000082c00000,0x0000000088c07ee0,0x000000008bf80000)
 Metaspace       used 81189K, capacity 85574K, committed 85888K, reserved 1124352K
  class space    used 10497K, capacity 11292K, committed 11392K, reserved 1048576K
}
Event: 1326.576 GC heap before
{Heap before GC invocations=32 (full 7):
 PSYoungGen      total 425984K, used 236831K [0x00000000d6400000, 0x00000000f4a80000, 0x0000000100000000)
  eden space 390144K, 53% used [0x00000000d6400000,0x00000000e2e17580,0x00000000ee100000)
  from space 35840K, 83% used [0x00000000f0600000,0x00000000f2330a28,0x00000000f2900000)
  to   space 37888K, 0% used [0x00000000ee100000,0x00000000ee100000,0x00000000f0600000)
 ParOldGen       total 151040K, used 98335K [0x0000000082c00000, 0x000000008bf80000, 0x00000000d6400000)
  object space 151040K, 65% used [0x0000000082c00000,0x0000000088c07ee0,0x000000008bf80000)
 Metaspace       used 82423K, capacity 87610K, committed 87680K, reserved 1126400K
  class space    used 10676K, capacity 11627K, committed 11648K, reserved 1048576K
Event: 1326.588 GC heap after
Heap after GC invocations=32 (full 7):
 PSYoungGen      total 428032K, used 19301K [0x00000000d6400000, 0x00000000f4780000, 0x0000000100000000)
  eden space 390144K, 0% used [0x00000000d6400000,0x00000000d6400000,0x00000000ee100000)
  from space 37888K, 50% used [0x00000000ee100000,0x00000000ef3d9698,0x00000000f0600000)
  to   space 36352K, 0% used [0x00000000f2400000,0x00000000f2400000,0x00000000f4780000)
 ParOldGen       total 151040K, used 98343K [0x0000000082c00000, 0x000000008bf80000, 0x00000000d6400000)
  object space 151040K, 65% used [0x0000000082c00000,0x0000000088c09ee0,0x000000008bf80000)
 Metaspace       used 82423K, capacity 87610K, committed 87680K, reserved 1126400K
  class space    used 10676K, capacity 11627K, committed 11648K, reserved 1048576K
}
Event: 1326.588 GC heap before
{Heap before GC invocations=33 (full 8):
 PSYoungGen      total 428032K, used 19301K [0x00000000d6400000, 0x00000000f4780000, 0x0000000100000000)
  eden space 390144K, 0% used [0x00000000d6400000,0x00000000d6400000,0x00000000ee100000)
  from space 37888K, 50% used [0x00000000ee100000,0x00000000ef3d9698,0x00000000f0600000)
  to   space 36352K, 0% used [0x00000000f2400000,0x00000000f2400000,0x00000000f4780000)
 ParOldGen       total 151040K, used 98343K [0x0000000082c00000, 0x000000008bf80000, 0x00000000d6400000)
  object space 151040K, 65% used [0x0000000082c00000,0x0000000088c09ee0,0x000000008bf80000)
 Metaspace       used 82423K, capacity 87610K, committed 87680K, reserved 1126400K
  class space    used 10676K, capacity 11627K, committed 11648K, reserved 1048576K
Event: 1326.910 GC heap after
Heap after GC invocations=33 (full 8):
 PSYoungGen      total 428032K, used 0K [0x00000000d6400000, 0x00000000f4780000, 0x0000000100000000)
  eden space 390144K, 0% used [0x00000000d6400000,0x00000000d6400000,0x00000000ee100000)
  from space 37888K, 0% used [0x00000000ee100000,0x00000000ee100000,0x00000000f0600000)
  to   space 36352K, 0% used [0x00000000f2400000,0x00000000f2400000,0x00000000f4780000)
 ParOldGen       total 151040K, used 116004K [0x0000000082c00000, 0x000000008bf80000, 0x00000000d6400000)
  object space 151040K, 76% used [0x0000000082c00000,0x0000000089d491a8,0x000000008bf80000)
 Metaspace       used 82404K, capacity 87580K, committed 87680K, reserved 1126400K
  class space    used 10673K, capacity 11622K, committed 11648K, reserved 1048576K
}
Event: 1328.998 GC heap before
{Heap before GC invocations=34 (full 8):
 PSYoungGen      total 428032K, used 390144K [0x00000000d6400000, 0x00000000f4780000, 0x0000000100000000)
  eden space 390144K, 100% used [0x00000000d6400000,0x00000000ee100000,0x00000000ee100000)
  from space 37888K, 0% used [0x00000000ee100000,0x00000000ee100000,0x00000000f0600000)
  to   space 36352K, 0% used [0x00000000f2400000,0x00000000f2400000,0x00000000f4780000)
 ParOldGen       total 151040K, used 116004K [0x0000000082c00000, 0x000000008bf80000, 0x00000000d6400000)
  object space 151040K, 76% used [0x0000000082c00000,0x0000000089d491a8,0x000000008bf80000)
 Metaspace       used 83232K, capacity 88490K, committed 88576K, reserved 1126400K
  class space    used 10723K, capacity 11695K, committed 11776K, reserved 1048576K
Event: 1329.024 GC heap after
Heap after GC invocations=34 (full 8):
 PSYoungGen      total 456704K, used 29778K [0x00000000d6400000, 0x00000000f4a80000, 0x0000000100000000)
  eden space 420352K, 0% used [0x00000000d6400000,0x00000000d6400000,0x00000000efe80000)
  from space 36352K, 81% used [0x00000000f2400000,0x00000000f41148b0,0x00000000f4780000)
  to   space 38400K, 0% used [0x00000000efe80000,0x00000000efe80000,0x00000000f2400000)
 ParOldGen       total 151040K, used 116012K [0x0000000082c00000, 0x000000008bf80000, 0x00000000d6400000)
  object space 151040K, 76% used [0x0000000082c00000,0x0000000089d4b1a8,0x000000008bf80000)
 Metaspace       used 83232K, capacity 88490K, committed 88576K, reserved 1126400K
  class space    used 10723K, capacity 11695K, committed 11776K, reserved 1048576K
}
Event: 1511.800 GC heap before
{Heap before GC invocations=35 (full 8):
 PSYoungGen      total 456704K, used 450130K [0x00000000d6400000, 0x00000000f4a80000, 0x0000000100000000)
  eden space 420352K, 100% used [0x00000000d6400000,0x00000000efe80000,0x00000000efe80000)
  from space 36352K, 81% used [0x00000000f2400000,0x00000000f41148b0,0x00000000f4780000)
  to   space 38400K, 0% used [0x00000000efe80000,0x00000000efe80000,0x00000000f2400000)
 ParOldGen       total 151040K, used 116012K [0x0000000082c00000, 0x000000008bf80000, 0x00000000d6400000)
  object space 151040K, 76% used [0x0000000082c00000,0x0000000089d4b1a8,0x000000008bf80000)
 Metaspace       used 86375K, capacity 92136K, committed 92288K, reserved 1128448K
  class space    used 11225K, capacity 12296K, committed 12416K, reserved 1048576K
Event: 1511.821 GC heap after
Heap after GC invocations=35 (full 8):
 PSYoungGen      total 458752K, used 29313K [0x00000000d6400000, 0x00000000f6700000, 0x0000000100000000)
  eden space 420352K, 0% used [0x00000000d6400000,0x00000000d6400000,0x00000000efe80000)
  from space 38400K, 76% used [0x00000000efe80000,0x00000000f1b207e0,0x00000000f2400000)
  to   space 39936K, 0% used [0x00000000f4000000,0x00000000f4000000,0x00000000f6700000)
 ParOldGen       total 151040K, used 116028K [0x0000000082c00000, 0x000000008bf80000, 0x00000000d6400000)
  object space 151040K, 76% used [0x0000000082c00000,0x0000000089d4f1a8,0x000000008bf80000)
 Metaspace       used 86375K, capacity 92136K, committed 92288K, reserved 1128448K
  class space    used 11225K, capacity 12296K, committed 12416K, reserved 1048576K
}

